Looking for git in: git
Using git 2.25.1 from git
> git rev-parse --git-dir
Open repository: /home/junho/Desktop/mthread
> git status -z -u
> git symbolic-ref --short HEAD
> git rev-parse master
> git rev-parse --symbolic-full-name master@{u}
fatal: no upstream configured for branch 'master'
> git for-each-ref --sort -committerdate --format %(refname) %(objectname)
> git remote --verbose
> git config --get commit.template
> git check-ignore -v -z --stdin
> git show --textconv :mthread.c
> git ls-files --stage -- /home/junho/Desktop/mthread/mthread.c
> git cat-file -s 46d63e062fc8b92a6342fc4d69a51b2675cf8d1b
> git status -z -u
> git symbolic-ref --short HEAD
> git rev-parse master
> git rev-parse --symbolic-full-name master@{u}
fatal: no upstream configured for branch 'master'
> git for-each-ref --sort -committerdate --format %(refname) %(objectname)
> git remote --verbose
> git config --get commit.template
